<?xml version="1.0" encoding="UTF-8"?>
<!-- Generated by org.testng.reporters.JUnitXMLReporter -->
<testsuite ignored="0" hostname="DESKTOP-UUGSSKP" failures="2" tests="15" name="E2EFrameworkTest" time="28.702" errors="0" timestamp="2021-01-21T17:14:57 EST">
  <testcase classname="testcases.homepagetest" name="homepage" time="3.58"/>
  <testcase classname="testcases.homepagetest" name="login" time="0.089"/>
  <testcase classname="testcases.homepagetest" name="login_nav" time="0.633"/>
  <testcase classname="testcases.loginpagetest" name="loginpage" time="0.058"/>
  <testcase classname="testcases.loginpagetest" name="logintest" time="1.773"/>
  <testcase classname="testcases.loginpagetest" name="logintest" time="7.176"/>
  <testcase classname="testcases.clientareatest" name="clientarea" time="0.084"/>
  <testcase classname="testcases.clientareatest" name="titlestest" time="0.254">
    <failure type="java.lang.AssertionError" message="expected [3] but found [4]">
      <![CDATA[java.lang.AssertionError: expected [3] but found [4]
at testcases.clientareatest.titlestest(clientareatest.java:65)
at java.base/java.util.ArrayList.forEach(ArrayList.java:1507)
... Removed 33 stack frames]]>
    </failure>
  </testcase> <!-- titlestest -->
  <testcase classname="testcases.clientareatest" name="servicesnavtest" time="1.603"/>
  <testcase classname="testcases.servicestest" name="allservices" time="0.048"/>
  <testcase classname="testcases.servicestest" name="addproducts" time="11.722"/>
  <testcase classname="testcases.cart_test" name="allservices" time="0.05"/>
  <testcase classname="testcases.cart_test" name="productnames" time="0.073"/>
  <testcase classname="testcases.cart_test" name="productprices" time="0.062"/>
  <testcase classname="testcases.cart_test" name="ordertotal" time="0.052">
    <failure type="java.lang.AssertionError" message="expected [$22.80 USD] but found [$25.95 USD]">
      <![CDATA[java.lang.AssertionError: expected [$22.80 USD] but found [$25.95 USD]
at testcases.cart_test.ordertotal(cart_test.java:101)
at java.base/java.util.ArrayList.forEach(ArrayList.java:1507)
... Removed 33 stack frames]]>
    </failure>
  </testcase> <!-- ordertotal -->
</testsuite> <!-- E2EFrameworkTest -->
