<?xml version="1.0" encoding="UTF-8"?>
<!-- Generated by org.testng.reporters.JUnitXMLReporter -->
<testsuite ignored="0" hostname="DESKTOP-UUGSSKP" failures="0" tests="4" name="Cart Test" time="0.206" errors="0" timestamp="2021-01-06T14:29:05 EST">
  <testcase classname="testcases.cart_test" name="allservices" time="0.027"/>
  <testcase classname="testcases.cart_test" name="productnames" time="0.073"/>
  <testcase classname="testcases.cart_test" name="productprices" time="0.065"/>
  <testcase classname="testcases.cart_test" name="ordertotal" time="0.035"/>
</testsuite> <!-- Cart Test -->
