<?xml version="1.0" encoding="UTF-8"?>
<!-- Generated by org.testng.reporters.JUnitXMLReporter -->
<testsuite ignored="0" hostname="DESKTOP-UUGSSKP" failures="0" tests="3" name="Client Area Test" time="1.412" errors="0" timestamp="2021-01-06T14:28:52 EST">
  <testcase classname="testcases.clientareatest" name="clientarea" time="0.063"/>
  <testcase classname="testcases.clientareatest" name="titlestest" time="0.239"/>
  <testcase classname="testcases.clientareatest" name="servicesnavtest" time="1.106"/>
</testsuite> <!-- Client Area Test -->
