<?xml version="1.0" encoding="UTF-8"?>
<!-- Generated by org.testng.reporters.JUnitXMLReporter -->
<testsuite ignored="0" hostname="DESKTOP-UUGSSKP" failures="0" tests="3" name="Home Page Test" time="3.717" errors="0" timestamp="2021-01-06T15:40:56 EST">
  <testcase classname="testcases.homepagetest" name="homepage" time="2.995"/>
  <testcase classname="testcases.homepagetest" name="login" time="0.064"/>
  <testcase classname="testcases.homepagetest" name="login_nav" time="0.629"/>
</testsuite> <!-- Home Page Test -->
