<?xml version="1.0" encoding="UTF-8"?>
<!-- Generated by org.testng.reporters.JUnitXMLReporter -->
<testsuite ignored="0" hostname="DESKTOP-UUGSSKP" failures="0" tests="3" name="Login Page Test" time="13.091" errors="0" timestamp="2021-01-06T15:41:09 EST">
  <testcase classname="testcases.loginpagetest" name="loginpage" time="0.037"/>
  <testcase classname="testcases.loginpagetest" name="logintest" time="1.868"/>
  <testcase classname="testcases.loginpagetest" name="logintest" time="10.877"/>
</testsuite> <!-- Login Page Test -->
