<?xml version="1.0" encoding="UTF-8"?>
<testng-results ignored="0" total="9" passed="9" failed="0" skipped="0">
  <reporter-output>
  </reporter-output>
  <suite started-at="2021-01-10T16:25:15 EST" name="Suite" finished-at="2021-01-10T16:25:52 EST" duration-ms="36201">
    <groups>
      <group name="cucumber">
        <method signature="AbstractTestNGCucumberTests.runScenario(io.cucumber.testng.PickleWrapper, io.cucumber.testng.FeatureWrapper)[pri:0, instance:CukeTestngFrwk.testRunner@a530d0a]" name="runScenario" class="io.cucumber.testng.AbstractTestNGCucumberTests"/>
      </group> <!-- cucumber -->
    </groups>
    <test started-at="2021-01-10T16:25:15 EST" name="E2EFrameworkTest" finished-at="2021-01-10T16:25:52 EST" duration-ms="36201">
      <class name="CukeTestngFrwk.testRunner">
        <test-method is-config="true" signature="setUpClass()[pri:0, instance:CukeTestngFrwk.testRunner@a530d0a]" started-at="2021-01-10T16:25:15 EST" name="setUpClass" finished-at="2021-01-10T16:25:16 EST" duration-ms="256" status="PASS">
          <reporter-output>
          </reporter-output>
        </test-method> <!-- setUpClass -->
        <test-method signature="runScenario(io.cucumber.testng.PickleWrapper, io.cucumber.testng.FeatureWrapper)[pri:0, instance:CukeTestngFrwk.testRunner@a530d0a]" started-at="2021-01-10T16:25:16 EST" name="runScenario" description="Runs Cucumber Scenarios" data-provider="scenarios" finished-at="2021-01-10T16:25:23 EST" duration-ms="6923" status="PASS">
          <params>
            <param index="0">
              <value>
                <![CDATA["Home page navigation"]]>
              </value>
            </param>
            <param index="1">
              <value>
                <![CDATA["Optional[Cucumber automation framework]"]]>
              </value>
            </param>
          </params>
          <reporter-output>
          </reporter-output>
        </test-method> <!-- runScenario -->
        <test-method signature="runScenario(io.cucumber.testng.PickleWrapper, io.cucumber.testng.FeatureWrapper)[pri:0, instance:CukeTestngFrwk.testRunner@a530d0a]" started-at="2021-01-10T16:25:23 EST" name="runScenario" description="Runs Cucumber Scenarios" data-provider="scenarios" finished-at="2021-01-10T16:25:23 EST" duration-ms="597" status="PASS">
          <params>
            <param index="0">
              <value>
                <![CDATA["Login page displayed"]]>
              </value>
            </param>
            <param index="1">
              <value>
                <![CDATA["Optional[Cucumber automation framework]"]]>
              </value>
            </param>
          </params>
          <reporter-output>
          </reporter-output>
        </test-method> <!-- runScenario -->
        <test-method signature="runScenario(io.cucumber.testng.PickleWrapper, io.cucumber.testng.FeatureWrapper)[pri:0, instance:CukeTestngFrwk.testRunner@a530d0a]" started-at="2021-01-10T16:25:23 EST" name="runScenario" description="Runs Cucumber Scenarios" data-provider="scenarios" finished-at="2021-01-10T16:25:31 EST" duration-ms="8091" status="PASS">
          <params>
            <param index="0">
              <value>
                <![CDATA["Validating login"]]>
              </value>
            </param>
            <param index="1">
              <value>
                <![CDATA["Optional[Cucumber automation framework]"]]>
              </value>
            </param>
          </params>
          <reporter-output>
          </reporter-output>
        </test-method> <!-- runScenario -->
        <test-method signature="runScenario(io.cucumber.testng.PickleWrapper, io.cucumber.testng.FeatureWrapper)[pri:0, instance:CukeTestngFrwk.testRunner@a530d0a]" started-at="2021-01-10T16:25:31 EST" name="runScenario" description="Runs Cucumber Scenarios" data-provider="scenarios" finished-at="2021-01-10T16:25:33 EST" duration-ms="1837" status="PASS">
          <params>
            <param index="0">
              <value>
                <![CDATA["Validating login"]]>
              </value>
            </param>
            <param index="1">
              <value>
                <![CDATA["Optional[Cucumber automation framework]"]]>
              </value>
            </param>
          </params>
          <reporter-output>
          </reporter-output>
        </test-method> <!-- runScenario -->
        <test-method signature="runScenario(io.cucumber.testng.PickleWrapper, io.cucumber.testng.FeatureWrapper)[pri:0, instance:CukeTestngFrwk.testRunner@a530d0a]" started-at="2021-01-10T16:25:33 EST" name="runScenario" description="Runs Cucumber Scenarios" data-provider="scenarios" finished-at="2021-01-10T16:25:35 EST" duration-ms="1723" status="PASS">
          <params>
            <param index="0">
              <value>
                <![CDATA["Client area - Welcome message"]]>
              </value>
            </param>
            <param index="1">
              <value>
                <![CDATA["Optional[Cucumber automation framework]"]]>
              </value>
            </param>
          </params>
          <reporter-output>
          </reporter-output>
        </test-method> <!-- runScenario -->
        <test-method signature="runScenario(io.cucumber.testng.PickleWrapper, io.cucumber.testng.FeatureWrapper)[pri:0, instance:CukeTestngFrwk.testRunner@a530d0a]" started-at="2021-01-10T16:25:35 EST" name="runScenario" description="Runs Cucumber Scenarios" data-provider="scenarios" finished-at="2021-01-10T16:25:35 EST" duration-ms="174" status="PASS">
          <params>
            <param index="0">
              <value>
                <![CDATA["Client area nodes - no. of nodes, labels, stats"]]>
              </value>
            </param>
            <param index="1">
              <value>
                <![CDATA["Optional[Cucumber automation framework]"]]>
              </value>
            </param>
          </params>
          <reporter-output>
          </reporter-output>
        </test-method> <!-- runScenario -->
        <test-method signature="runScenario(io.cucumber.testng.PickleWrapper, io.cucumber.testng.FeatureWrapper)[pri:0, instance:CukeTestngFrwk.testRunner@a530d0a]" started-at="2021-01-10T16:25:35 EST" name="runScenario" description="Runs Cucumber Scenarios" data-provider="scenarios" finished-at="2021-01-10T16:25:35 EST" duration-ms="96" status="PASS">
          <params>
            <param index="0">
              <value>
                <![CDATA["Client area - validate order new services menu item"]]>
              </value>
            </param>
            <param index="1">
              <value>
                <![CDATA["Optional[Cucumber automation framework]"]]>
              </value>
            </param>
          </params>
          <reporter-output>
          </reporter-output>
        </test-method> <!-- runScenario -->
        <test-method signature="runScenario(io.cucumber.testng.PickleWrapper, io.cucumber.testng.FeatureWrapper)[pri:0, instance:CukeTestngFrwk.testRunner@a530d0a]" started-at="2021-01-10T16:25:35 EST" name="runScenario" description="Runs Cucumber Scenarios" data-provider="scenarios" finished-at="2021-01-10T16:25:50 EST" duration-ms="14872" status="PASS">
          <params>
            <param index="0">
              <value>
                <![CDATA["Services - Header and add services test"]]>
              </value>
            </param>
            <param index="1">
              <value>
                <![CDATA["Optional[Cucumber automation framework]"]]>
              </value>
            </param>
          </params>
          <reporter-output>
          </reporter-output>
        </test-method> <!-- runScenario -->
        <test-method signature="runScenario(io.cucumber.testng.PickleWrapper, io.cucumber.testng.FeatureWrapper)[pri:0, instance:CukeTestngFrwk.testRunner@a530d0a]" started-at="2021-01-10T16:25:50 EST" name="runScenario" description="Runs Cucumber Scenarios" data-provider="scenarios" finished-at="2021-01-10T16:25:52 EST" duration-ms="1594" status="PASS">
          <params>
            <param index="0">
              <value>
                <![CDATA["Cart - Header, items, and sum test"]]>
              </value>
            </param>
            <param index="1">
              <value>
                <![CDATA["Optional[Cucumber automation framework]"]]>
              </value>
            </param>
          </params>
          <reporter-output>
          </reporter-output>
        </test-method> <!-- runScenario -->
        <test-method is-config="true" signature="tearDownClass()[pri:0, instance:CukeTestngFrwk.testRunner@a530d0a]" started-at="2021-01-10T16:25:52 EST" name="tearDownClass" finished-at="2021-01-10T16:25:52 EST" duration-ms="7" status="PASS">
          <reporter-output>
          </reporter-output>
        </test-method> <!-- tearDownClass -->
      </class> <!-- CukeTestngFrwk.testRunner -->
    </test> <!-- E2EFrameworkTest -->
  </suite> <!-- Suite -->
</testng-results>
